<?xml version="1.0" encoding="UTF-8"?>
<beans xmlns="http://www.springframework.org/schema/beans"
       xmlns:xsi="http://www.w3.org/2001/XMLSchema-instance"
       xsi:schemaLocation="http://www.springframework.org/schema/beans http://www.springframework.org/schema/beans/spring-beans-3.0.xsd">
    <description>Holds application context for testing of the domain module.</description>

    <!-- Imports the uuid generator bean definitions -->
<!--<bean id="baseCreator" class="com.charniauski.training.horsesrace.services.testutil.RelationalBD"/>-->
    <bean id="baseCreator" class="com.charniauski.training.horsesrace.services.testutil.XMLDB"/>
</beans>